ERROR - 2023-09-07 09:40:05,360 Сторона прямоугольника -23 не может быть меньше или равной нулю
ERROR - 2023-09-07 09:40:05,360 Сторона прямоугольника -23 не может быть меньше или равной нулю
ERROR - 2023-09-07 09:40:05,360 Сторона прямоугольника -23 не может быть меньше или равной нулю
ERROR - 2023-09-07 09:40:05,360 Сторона прямоугольника -23 не может быть меньше или равной нулю
ERROR - 2023-09-07 09:40:24,478 Сторона прямоугольника -23 не может быть меньше или равной нулю
ERROR - 2023-09-07 09:40:24,478 Сторона прямоугольника -23 не может быть меньше или равной нулю
ERROR - 2023-09-07 09:40:24,479 Сторона прямоугольника -23 не может быть меньше или равной нулю
ERROR - 2023-09-07 09:40:24,479 Сторона прямоугольника -23 не может быть меньше или равной нулю
ERROR - 2023-09-07 09:43:57,816 Ширина прямоугольника  не может быть меньше или равной нулю, Текущее значение: -23
ERROR - 2023-09-07 09:47:44,018 Ширина прямоугольника  не может быть меньше или равной нулю, Текущее значение: -23
ERROR - 2023-09-07 09:48:53,908 Ширина прямоугольника  не может быть меньше или равной нулю, Текущее значение: -23
INFO - 2023-09-07 09:53:54,661 Посчитали периметр прямоугольника со сторонами 2 и 2, результат = 8
INFO - 2023-09-07 09:53:54,662 Посчитали периметр прямоугольника со сторонами 2 и 4, результат = 12
INFO - 2023-09-07 09:53:54,662 Посчитали площадь прямоугольника со сторонами 2 и 2, результат = 4
INFO - 2023-09-07 09:53:54,663 Посчитали площадь прямоугольника со сторонами 2 и 4, результат = 8
ERROR - 2023-09-07 09:53:54,663 Ширина прямоугольника  не может быть меньше или равной нулю, Текущее значение: -23
INFO - 2023-09-07 09:56:57,393 Посчитали периметр прямоугольника со сторонами 2 и 2, результат = 8
INFO - 2023-09-07 09:56:57,393 Посчитали периметр прямоугольника со сторонами 2 и 4, результат = 12
INFO - 2023-09-07 09:56:57,393 Посчитали площадь прямоугольника со сторонами 2 и 2, результат = 4
INFO - 2023-09-07 09:56:57,393 Посчитали площадь прямоугольника со сторонами 2 и 4, результат = 8
ERROR - 2023-09-07 09:56:57,394 Прямоугольника со сторонами -23 и -23 не существует!
INFO - 2023-09-07 09:59:01,446 Посчитали периметр прямоугольника со сторонами 2 и 2, результат = 8
INFO - 2023-09-07 09:59:01,446 Посчитали периметр прямоугольника со сторонами 2 и 4, результат = 12
INFO - 2023-09-07 09:59:01,446 Посчитали площадь прямоугольника со сторонами 2 и 2, результат = 4
INFO - 2023-09-07 09:59:01,447 Посчитали площадь прямоугольника со сторонами 2 и 4, результат = 8
ERROR - 2023-09-07 09:59:01,447 Прямоугольника с шириной -23не существует!
INFO - 2023-09-07 13:29:51,392 Посчитали периметр прямоугольника со сторонами 2 и 2, результат = 8
INFO - 2023-09-07 13:29:51,393 Посчитали периметр прямоугольника со сторонами 2 и 4, результат = 12
INFO - 2023-09-07 13:29:51,393 Посчитали площадь прямоугольника со сторонами 2 и 2, результат = 4
INFO - 2023-09-07 13:29:51,393 Посчитали площадь прямоугольника со сторонами 2 и 4, результат = 8
ERROR - 2023-09-07 13:29:51,393 Прямоугольника с шириной -23 не существует!
INFO - 2023-09-07 13:47:30,838 Посчитали периметр прямоугольника со сторонами 2 и 2, результат = 8
INFO - 2023-09-07 13:47:30,840 Посчитали периметр прямоугольника со сторонами 2 и 4, результат = 12
INFO - 2023-09-07 13:47:30,840 Посчитали площадь прямоугольника со сторонами 2 и 2, результат = 4
INFO - 2023-09-07 13:47:30,840 Посчитали площадь прямоугольника со сторонами 2 и 4, результат = 8
ERROR - 2023-09-07 13:47:30,840 Прямоугольника с шириной -23 не существует!
INFO - 2023-09-07 14:52:35,303 Посчитали периметр прямоугольника со сторонами 2 и 2, результат = 8
INFO - 2023-09-07 14:52:35,304 Посчитали периметр прямоугольника со сторонами 2 и 4, результат = 12
INFO - 2023-09-07 14:52:35,304 Посчитали площадь прямоугольника со сторонами 2 и 2, результат = 4
INFO - 2023-09-07 14:52:35,304 Посчитали площадь прямоугольника со сторонами 2 и 4, результат = 8
ERROR - 2023-09-07 14:52:35,304 Прямоугольника с шириной -23 не существует!
INFO - 2023-09-07 15:33:07,870 Посчитали периметр прямоугольника со сторонами 6 и 5, результат = 22
INFO - 2023-09-07 15:33:07,872 Посчитали площадь прямоугольника со сторонами 6 и 5, результат = 30
INFO - 2023-09-07 15:33:17,703 Посчитали периметр прямоугольника со сторонами 6 и 5, результат = 22
INFO - 2023-09-07 15:33:17,703 Посчитали площадь прямоугольника со сторонами 6 и 5, результат = 30
INFO - 2023-09-07 15:33:23,865 Посчитали периметр прямоугольника со сторонами 6 и 5, результат = 22
INFO - 2023-09-07 15:33:23,865 Посчитали площадь прямоугольника со сторонами 6 и 5, результат = 30
INFO - 2023-09-07 15:35:45,650 Посчитали периметр прямоугольника со сторонами 6 и 5, результат = 22
INFO - 2023-09-07 15:35:45,650 Посчитали площадь прямоугольника со сторонами 6 и 5, результат = 30
INFO - 2023-09-07 15:36:19,949 Посчитали периметр прямоугольника со сторонами 7.0 и 7.0, результат = 28.0
INFO - 2023-09-07 15:36:19,949 Посчитали площадь прямоугольника со сторонами 7.0 и 7.0, результат = 49.0
ERROR - 2023-09-07 15:36:44,925 Прямоугольника с шириной -12.0 не существует!
INFO - 2023-09-07 15:36:56,381 Посчитали периметр прямоугольника со сторонами 6 и 5, результат = 22
INFO - 2023-09-07 15:36:56,381 Посчитали площадь прямоугольника со сторонами 6 и 5, результат = 30
INFO - 2023-09-07 15:37:02,351 Посчитали периметр прямоугольника со сторонами 6 и 5, результат = 22
INFO - 2023-09-07 15:37:02,351 Посчитали площадь прямоугольника со сторонами 6 и 5, результат = 30
INFO - 2023-09-07 15:37:29,232 Посчитали периметр прямоугольника со сторонами 6 и 5, результат = 22
INFO - 2023-09-07 15:37:29,232 Посчитали площадь прямоугольника со сторонами 6 и 5, результат = 30
INFO - 2023-09-07 15:37:32,288 Посчитали периметр прямоугольника со сторонами 6 и 5, результат = 22
INFO - 2023-09-07 15:37:32,288 Посчитали площадь прямоугольника со сторонами 6 и 5, результат = 30
INFO - 2023-09-07 15:40:06,488 Посчитали периметр прямоугольника со сторонами 6 и 5, результат = 22
INFO - 2023-09-07 15:40:06,490 Посчитали площадь прямоугольника со сторонами 6 и 5, результат = 30
INFO - 2023-09-07 15:41:18,050 Посчитали периметр прямоугольника со сторонами 6 и 5, результат = 22
INFO - 2023-09-07 15:41:18,050 Посчитали площадь прямоугольника со сторонами 6 и 5, результат = 30
INFO - 2023-09-07 15:41:32,698 Посчитали периметр прямоугольника со сторонами 6 и 5, результат = 22
INFO - 2023-09-07 15:41:32,699 Посчитали площадь прямоугольника со сторонами 6 и 5, результат = 30
INFO - 2023-09-07 15:41:58,647 Посчитали периметр прямоугольника со сторонами 8.0 и 7.0, результат = 30.0
INFO - 2023-09-07 15:41:58,647 Посчитали площадь прямоугольника со сторонами 8.0 и 7.0, результат = 56.0
INFO - 2023-09-07 15:47:20,950 Посчитали периметр прямоугольника со сторонами 8.0 и 7.0, результат = 30.0
INFO - 2023-09-07 15:47:20,950 Посчитали площадь прямоугольника со сторонами 8.0 и 7.0, результат = 56.0
ERROR - 2023-09-07 15:47:30,869 Прямоугольника с шириной -5.0 не существует!
INFO - 2023-09-07 15:47:42,384 Посчитали периметр прямоугольника со сторонами 88.0 и 7.0, результат = 190.0
INFO - 2023-09-07 15:47:42,384 Посчитали площадь прямоугольника со сторонами 88.0 и 7.0, результат = 616.0
INFO - 2023-09-07 15:47:55,033 Посчитали периметр прямоугольника со сторонами 88.0 и 97.0, результат = 370.0
INFO - 2023-09-07 15:47:55,033 Посчитали площадь прямоугольника со сторонами 88.0 и 97.0, результат = 8536.0
INFO - 2023-09-07 15:49:37,300 Посчитали периметр прямоугольника со сторонами 8.0 и 97.0, результат = 210.0
INFO - 2023-09-07 15:49:37,300 Посчитали площадь прямоугольника со сторонами 8.0 и 97.0, результат = 776.0
INFO - 2023-09-07 15:51:14,828 Посчитали периметр прямоугольника со сторонами 97.0 и 44.0, результат = 282.0
INFO - 2023-09-07 15:51:14,828 Посчитали площадь прямоугольника со сторонами 97.0 и 44.0, результат = 4268.0
